{"/Users/atici/projet_cda/backend/src/services/authentification.service.js": {"path":"/Users/atici/projet_cda/backend/src/services/authentification.service.js","statementMap":{"0":{"start":{"line":1,"column":15},"end":{"line":1,"column":34}},"1":{"start":{"line":2,"column":12},"end":{"line":2,"column":35}},"2":{"start":{"line":3,"column":15},"end":{"line":3,"column":38}},"3":{"start":{"line":7,"column":32},"end":{"line":7,"column":82}},"4":{"start":{"line":8,"column":4},"end":{"line":10,"column":5}},"5":{"start":{"line":9,"column":6},"end":{"line":9,"column":50}},"6":{"start":{"line":12,"column":16},"end":{"line":12,"column":40}},"7":{"start":{"line":13,"column":28},"end":{"line":13,"column":62}},"8":{"start":{"line":15,"column":30},"end":{"line":22,"column":6}},"9":{"start":{"line":24,"column":4},"end":{"line":24,"column":29}},"10":{"start":{"line":28,"column":24},"end":{"line":28,"column":74}},"11":{"start":{"line":29,"column":4},"end":{"line":31,"column":5}},"12":{"start":{"line":30,"column":6},"end":{"line":30,"column":49}},"13":{"start":{"line":33,"column":29},"end":{"line":33,"column":83}},"14":{"start":{"line":34,"column":4},"end":{"line":36,"column":5}},"15":{"start":{"line":35,"column":6},"end":{"line":35,"column":49}},"16":{"start":{"line":38,"column":18},"end":{"line":42,"column":5}},"17":{"start":{"line":44,"column":4},"end":{"line":44,"column":34}},"18":{"start":{"line":48,"column":0},"end":{"line":48,"column":47}}},"fnMap":{"0":{"name":"(anonymous_0)","decl":{"start":{"line":6,"column":2},"end":{"line":6,"column":3}},"loc":{"start":{"line":6,"column":52},"end":{"line":25,"column":3}},"line":6},"1":{"name":"(anonymous_1)","decl":{"start":{"line":27,"column":2},"end":{"line":27,"column":3}},"loc":{"start":{"line":27,"column":37},"end":{"line":45,"column":3}},"line":27}},"branchMap":{"0":{"loc":{"start":{"line":8,"column":4},"end":{"line":10,"column":5}},"type":"if","locations":[{"start":{"line":8,"column":4},"end":{"line":10,"column":5}},{"start":{},"end":{}}],"line":8},"1":{"loc":{"start":{"line":29,"column":4},"end":{"line":31,"column":5}},"type":"if","locations":[{"start":{"line":29,"column":4},"end":{"line":31,"column":5}},{"start":{},"end":{}}],"line":29},"2":{"loc":{"start":{"line":34,"column":4},"end":{"line":36,"column":5}},"type":"if","locations":[{"start":{"line":34,"column":4},"end":{"line":36,"column":5}},{"start":{},"end":{}}],"line":34}},"s":{"0":1,"1":1,"2":1,"3":2,"4":2,"5":1,"6":1,"7":1,"8":1,"9":1,"10":3,"11":3,"12":1,"13":2,"14":2,"15":1,"16":1,"17":1,"18":1},"f":{"0":2,"1":3},"b":{"0":[1,1],"1":[1,2],"2":[1,1]},"_coverageSchema":"1a1c01bbd47fc00a2c39e90264f33305004495a9","hash":"f23b47306648bc2410e0024c379b4141ace76482"}
,"/Users/atici/projet_cda/backend/src/services/email.service.js": {"path":"/Users/atici/projet_cda/backend/src/services/email.service.js","statementMap":{"0":{"start":{"line":1,"column":19},"end":{"line":1,"column":40}},"1":{"start":{"line":5,"column":4},"end":{"line":12,"column":7}},"2":{"start":{"line":16,"column":4},"end":{"line":38,"column":5}},"3":{"start":{"line":17,"column":19},"end":{"line":30,"column":8}},"4":{"start":{"line":32,"column":25},"end":{"line":32,"column":59}},"5":{"start":{"line":33,"column":6},"end":{"line":33,"column":88}},"6":{"start":{"line":34,"column":6},"end":{"line":34,"column":42}},"7":{"start":{"line":36,"column":6},"end":{"line":36,"column":67}},"8":{"start":{"line":37,"column":6},"end":{"line":37,"column":55}},"9":{"start":{"line":42,"column":0},"end":{"line":42,"column":36}}},"fnMap":{"0":{"name":"(anonymous_0)","decl":{"start":{"line":4,"column":2},"end":{"line":4,"column":3}},"loc":{"start":{"line":4,"column":16},"end":{"line":13,"column":3}},"line":4},"1":{"name":"(anonymous_1)","decl":{"start":{"line":15,"column":2},"end":{"line":15,"column":3}},"loc":{"start":{"line":15,"column":67},"end":{"line":39,"column":3}},"line":15}},"branchMap":{"0":{"loc":{"start":{"line":6,"column":12},"end":{"line":6,"column":58}},"type":"binary-expr","locations":[{"start":{"line":6,"column":12},"end":{"line":6,"column":33}},{"start":{"line":6,"column":37},"end":{"line":6,"column":58}}],"line":6},"1":{"loc":{"start":{"line":7,"column":12},"end":{"line":7,"column":40}},"type":"binary-expr","locations":[{"start":{"line":7,"column":12},"end":{"line":7,"column":33}},{"start":{"line":7,"column":37},"end":{"line":7,"column":40}}],"line":7},"2":{"loc":{"start":{"line":9,"column":14},"end":{"line":9,"column":73}},"type":"binary-expr","locations":[{"start":{"line":9,"column":14},"end":{"line":9,"column":36}},{"start":{"line":9,"column":40},"end":{"line":9,"column":73}}],"line":9},"3":{"loc":{"start":{"line":10,"column":14},"end":{"line":10,"column":60}},"type":"binary-expr","locations":[{"start":{"line":10,"column":14},"end":{"line":10,"column":36}},{"start":{"line":10,"column":40},"end":{"line":10,"column":60}}],"line":10}},"s":{"0":1,"1":1,"2":2,"3":2,"4":1,"5":1,"6":1,"7":1,"8":1,"9":1},"f":{"0":1,"1":2},"b":{"0":[1,1],"1":[1,1],"2":[1,1],"3":[1,1]},"_coverageSchema":"1a1c01bbd47fc00a2c39e90264f33305004495a9","hash":"68f04c86b04258ce881c887165c14226bc894ce9"}
,"/Users/atici/projet_cda/backend/src/utils/calculDevis.js": {"path":"/Users/atici/projet_cda/backend/src/utils/calculDevis.js","statementMap":{"0":{"start":{"line":2,"column":16},"end":{"line":2,"column":17}},"1":{"start":{"line":3,"column":2},"end":{"line":5,"column":5}},"2":{"start":{"line":4,"column":4},"end":{"line":4,"column":51}},"3":{"start":{"line":6,"column":14},"end":{"line":6,"column":16}},"4":{"start":{"line":7,"column":19},"end":{"line":7,"column":33}},"5":{"start":{"line":8,"column":2},"end":{"line":12,"column":4}},"6":{"start":{"line":15,"column":0},"end":{"line":15,"column":40}}},"fnMap":{"0":{"name":"calculerTotalDevis","decl":{"start":{"line":1,"column":9},"end":{"line":1,"column":27}},"loc":{"start":{"line":1,"column":36},"end":{"line":13,"column":1}},"line":1},"1":{"name":"(anonymous_1)","decl":{"start":{"line":3,"column":17},"end":{"line":3,"column":18}},"loc":{"start":{"line":3,"column":26},"end":{"line":5,"column":3}},"line":3}},"branchMap":{},"s":{"0":3,"1":3,"2":3,"3":3,"4":3,"5":3,"6":1},"f":{"0":3,"1":3},"b":{},"_coverageSchema":"1a1c01bbd47fc00a2c39e90264f33305004495a9","hash":"c54c2efc60f4edc6cef3c23ca5cd55d96053af82"}
}
