TN:
SF:src/services/authentification.service.js
FN:6,(anonymous_0)
FN:27,(anonymous_1)
FNF:2
FNH:2
FNDA:2,(anonymous_0)
FNDA:3,(anonymous_1)
DA:1,1
DA:2,1
DA:3,1
DA:7,2
DA:8,2
DA:9,1
DA:12,1
DA:13,1
DA:15,1
DA:24,1
DA:28,3
DA:29,3
DA:30,1
DA:33,2
DA:34,2
DA:35,1
DA:38,1
DA:44,1
DA:48,1
LF:19
LH:19
BRDA:8,0,0,1
BRDA:8,0,1,1
BRDA:29,1,0,1
BRDA:29,1,1,2
BRDA:34,2,0,1
BRDA:34,2,1,1
BRF:6
BRH:6
end_of_record
TN:
SF:src/services/email.service.js
FN:4,(anonymous_0)
FN:15,(anonymous_1)
FNF:2
FNH:2
FNDA:1,(anonymous_0)
FNDA:6,(anonymous_1)
DA:1,1
DA:5,1
DA:16,6
DA:17,6
DA:32,5
DA:33,5
DA:34,5
DA:36,1
DA:37,1
DA:42,1
LF:10
LH:10
BRDA:6,0,0,1
BRDA:6,0,1,1
BRDA:7,1,0,1
BRDA:7,1,1,1
BRDA:9,2,0,1
BRDA:9,2,1,1
BRDA:10,3,0,1
BRDA:10,3,1,1
BRF:8
BRH:8
end_of_record
TN:
SF:src/utils/calculDevis.js
FN:1,calculerTotalDevis
FN:3,(anonymous_1)
FNF:2
FNH:2
FNDA:3,calculerTotalDevis
FNDA:3,(anonymous_1)
DA:2,3
DA:3,3
DA:4,3
DA:6,3
DA:7,3
DA:8,3
DA:15,1
LF:7
LH:7
BRF:0
BRH:0
end_of_record
