TN:
SF:src/middlewares/authentification.middleware.js
FN:7,(anonymous_0)
FNF:1
FNH:1
FNDA:5,(anonymous_0)
DA:1,1
DA:7,1
DA:8,5
DA:9,5
DA:11,5
DA:12,1
DA:16,4
DA:19,4
DA:22,2
DA:23,2
DA:26,2
LF:11
LH:11
BRDA:11,0,0,1
BRDA:11,0,1,4
BRF:2
BRH:2
end_of_record
TN:
SF:src/services/authentification.service.js
FN:6,(anonymous_0)
FN:27,(anonymous_1)
FNF:2
FNH:2
FNDA:2,(anonymous_0)
FNDA:3,(anonymous_1)
DA:1,1
DA:2,1
DA:3,1
DA:7,2
DA:8,2
DA:9,1
DA:12,1
DA:13,1
DA:15,1
DA:24,1
DA:28,3
DA:29,3
DA:30,1
DA:33,2
DA:34,2
DA:35,1
DA:38,1
DA:44,1
DA:48,1
LF:19
LH:19
BRDA:8,0,0,1
BRDA:8,0,1,1
BRDA:29,1,0,1
BRDA:29,1,1,2
BRDA:34,2,0,1
BRDA:34,2,1,1
BRF:6
BRH:6
end_of_record
TN:
SF:src/services/clients.service.js
FN:5,(anonymous_0)
FN:24,(anonymous_1)
FN:43,(anonymous_2)
FN:64,(anonymous_3)
FNF:4
FNH:4
FNDA:2,(anonymous_0)
FNDA:1,(anonymous_1)
FNDA:2,(anonymous_2)
FNDA:2,(anonymous_3)
DA:1,1
DA:2,1
DA:6,2
DA:7,2
DA:9,2
DA:10,1
DA:13,1
DA:19,1
DA:21,1
DA:25,1
DA:38,1
DA:40,1
DA:45,2
DA:49,2
DA:50,1
DA:53,1
DA:59,1
DA:61,1
DA:65,2
DA:69,2
DA:70,1
DA:73,1
DA:76,1
DA:80,1
LF:24
LH:24
BRDA:9,0,0,1
BRDA:9,0,1,1
BRDA:49,1,0,1
BRDA:49,1,1,1
BRDA:69,2,0,1
BRDA:69,2,1,1
BRF:6
BRH:6
end_of_record
TN:
SF:src/services/devis.service.js
FN:5,(anonymous_0)
FN:13,(anonymous_1)
FN:17,(anonymous_2)
FN:45,(anonymous_3)
FN:57,(anonymous_4)
FN:89,(anonymous_5)
FN:104,(anonymous_6)
FN:116,(anonymous_7)
FN:184,(anonymous_8)
FNF:9
FNH:6
FNDA:1,(anonymous_0)
FNDA:2,(anonymous_1)
FNDA:2,(anonymous_2)
FNDA:1,(anonymous_3)
FNDA:0,(anonymous_4)
FNDA:1,(anonymous_5)
FNDA:2,(anonymous_6)
FNDA:0,(anonymous_7)
FNDA:0,(anonymous_8)
DA:1,1
DA:2,1
DA:6,1
DA:14,2
DA:15,2
DA:17,2
DA:18,2
DA:19,2
DA:20,2
DA:28,2
DA:30,2
DA:46,1
DA:50,1
DA:51,1
DA:54,0
DA:55,0
DA:57,0
DA:58,0
DA:59,0
DA:60,0
DA:68,0
DA:70,0
DA:90,1
DA:94,1
DA:95,0
DA:98,1
DA:105,2
DA:109,2
DA:110,1
DA:113,1
DA:117,0
DA:126,0
DA:127,0
DA:130,0
DA:184,0
DA:217,0
DA:221,0
DA:227,0
DA:228,0
DA:229,0
DA:234,0
DA:236,0
DA:240,1
LF:43
LH:22
BRDA:14,0,0,0
BRDA:50,1,0,1
BRDA:50,1,1,0
BRDA:54,2,0,0
BRDA:78,3,0,0
BRDA:78,3,1,0
BRDA:94,4,0,0
BRDA:94,4,1,1
BRDA:109,5,0,1
BRDA:109,5,1,1
BRDA:126,6,0,0
BRDA:126,6,1,0
BRDA:157,7,0,0
BRDA:157,7,1,0
BRDA:164,8,0,0
BRDA:164,8,1,0
BRDA:164,9,0,0
BRDA:164,9,1,0
BRDA:165,10,0,0
BRDA:165,10,1,0
BRDA:166,11,0,0
BRDA:166,11,1,0
BRDA:166,12,0,0
BRDA:166,12,1,0
BRDA:212,13,0,0
BRDA:212,13,1,0
BRDA:217,14,0,0
BRDA:217,14,1,0
BRF:28
BRH:4
end_of_record
TN:
SF:src/services/email.service.js
FN:4,(anonymous_0)
FN:15,(anonymous_1)
FNF:2
FNH:2
FNDA:1,(anonymous_0)
FNDA:6,(anonymous_1)
DA:1,1
DA:5,1
DA:16,6
DA:17,6
DA:32,5
DA:33,5
DA:34,5
DA:36,1
DA:37,1
DA:42,1
LF:10
LH:10
BRDA:6,0,0,1
BRDA:6,0,1,1
BRDA:7,1,0,1
BRDA:7,1,1,1
BRDA:9,2,0,1
BRDA:9,2,1,1
BRDA:10,3,0,1
BRDA:10,3,1,1
BRF:8
BRH:8
end_of_record
TN:
SF:src/services/factures.service.js
FN:7,(anonymous_0)
FN:18,(anonymous_1)
FN:46,(anonymous_2)
FN:83,(anonymous_3)
FN:101,(anonymous_4)
FN:167,(anonymous_5)
FNF:6
FNH:4
FNDA:1,(anonymous_0)
FNDA:4,(anonymous_1)
FNDA:1,(anonymous_2)
FNDA:2,(anonymous_3)
FNDA:0,(anonymous_4)
FNDA:0,(anonymous_5)
DA:1,1
DA:8,1
DA:20,4
DA:25,4
DA:26,1
DA:28,3
DA:29,1
DA:33,2
DA:37,2
DA:38,1
DA:42,1
DA:43,1
DA:46,1
DA:54,1
DA:55,1
DA:58,1
DA:77,1
DA:84,2
DA:88,2
DA:89,1
DA:92,1
DA:102,0
DA:103,0
DA:108,0
DA:110,0
DA:167,0
DA:200,0
DA:204,0
DA:210,0
DA:211,0
DA:212,0
DA:217,0
DA:219,0
DA:223,1
LF:34
LH:22
BRDA:25,0,0,1
BRDA:25,0,1,3
BRDA:28,1,0,1
BRDA:28,1,1,2
BRDA:28,2,0,3
BRDA:28,2,1,1
BRDA:37,3,0,1
BRDA:37,3,1,1
BRDA:88,4,0,1
BRDA:88,4,1,1
BRDA:108,5,0,0
BRDA:108,5,1,0
BRDA:139,6,0,0
BRDA:139,6,1,0
BRDA:146,7,0,0
BRDA:146,7,1,0
BRDA:146,8,0,0
BRDA:146,8,1,0
BRDA:147,9,0,0
BRDA:147,9,1,0
BRDA:148,10,0,0
BRDA:148,10,1,0
BRDA:148,11,0,0
BRDA:148,11,1,0
BRDA:153,12,0,0
BRDA:153,12,1,0
BRDA:153,13,0,0
BRDA:153,13,1,0
BRDA:195,14,0,0
BRDA:195,14,1,0
BRDA:200,15,0,0
BRDA:200,15,1,0
BRF:32
BRH:10
end_of_record
TN:
SF:src/utils/calculDevis.js
FN:1,calculerTotalDevis
FN:3,(anonymous_1)
FNF:2
FNH:2
FNDA:3,calculerTotalDevis
FNDA:3,(anonymous_1)
DA:2,3
DA:3,3
DA:4,3
DA:6,3
DA:7,3
DA:8,3
DA:15,1
LF:7
LH:7
BRF:0
BRH:0
end_of_record
